
The following files have been resolved:
   org.apache.tomcat.embed:tomcat-embed-el:jar:9.0.60:compile
   org.springframework:spring-web:jar:5.3.17:compile
   org.springframework.boot:spring-boot-autoconfigure:jar:2.6.5:compile
   org.mongodb:mongodb-driver-core:jar:4.4.2:compile
   com.bugsnag:bugsnag:jar:3.6.3:compile
   org.json:json:jar:20220320:compile
   org.springframework.boot:spring-boot-starter-web:jar:2.6.5:compile
   org.springframework.data:spring-data-commons:jar:2.6.3:compile
   org.springframework:spring-jcl:jar:5.3.17:compile
   javax.xml.bind:jaxb-api:jar:2.3.1:compile
   com.fasterxml.jackson.core:jackson-annotations:jar:2.13.2:compile
   org.slf4j:slf4j-api:jar:1.7.36:compile
   org.springframework:spring-core:jar:5.3.17:compile
   org.apache.tomcat.embed:tomcat-embed-websocket:jar:9.0.60:compile
   com.fasterxml.jackson.module:jackson-module-parameter-names:jar:2.13.2:compile
   org.springframework.boot:spring-boot-starter-data-mongodb:jar:2.6.5:compile
   org.yaml:snakeyaml:jar:1.29:compile
   org.mongodb:bson:jar:4.4.2:compile
   org.springframework.data:spring-data-mongodb:jar:3.3.3:compile
   jakarta.annotation:jakarta.annotation-api:jar:1.3.5:compile
   org.apache.tomcat.embed:tomcat-embed-core:jar:9.0.60:compile
   org.springframework:spring-aop:jar:5.3.17:compile
   org.slf4j:jul-to-slf4j:jar:1.7.36:compile
   org.springframework.boot:spring-boot:jar:2.6.5:compile
   org.mongodb:mongodb-driver-sync:jar:4.4.2:compile
   com.fasterxml.jackson.datatype:jackson-datatype-jsr310:jar:2.13.2:compile
   com.bugsnag:bugsnag-spring:jar:3.6.3:compile
   org.springframework.boot:spring-boot-starter:jar:2.6.5:compile
   org.springframework:spring-expression:jar:5.3.17:compile
   com.fasterxml.jackson.core:jackson-core:jar:2.13.2:compile
   ch.qos.logback:logback-core:jar:1.2.11:compile
   io.jsonwebtoken:jjwt:jar:0.9.1:compile
   org.springframework:spring-webmvc:jar:5.3.17:compile
   org.springframework:spring-tx:jar:5.3.17:compile
   org.springframework:spring-beans:jar:5.3.17:compile
   org.apache.logging.log4j:log4j-to-slf4j:jar:2.17.2:compile
   javax.activation:javax.activation-api:jar:1.2.0:compile
   org.springframework:spring-context:jar:5.3.17:compile
   org.springframework.boot:spring-boot-starter-logging:jar:2.6.5:compile
   org.springframework.boot:spring-boot-starter-tomcat:jar:2.6.5:compile
   ch.qos.logback:logback-classic:jar:1.2.11:compile
   org.apache.logging.log4j:log4j-api:jar:2.17.2:compile
   com.fasterxml.jackson.core:jackson-databind:jar:2.13.2:compile
   com.fasterxml.jackson.datatype:jackson-datatype-jdk8:jar:2.13.2:compile
   org.springframework.boot:spring-boot-starter-json:jar:2.6.5:compile

